<?xml version="1.0" encoding="UTF-8"?>
<!-- Generated by org.testng.reporters.JUnitReportReporter -->
<testsuite hostname="NZWGTNLP47" failures="1" tests="1" name="com.planit.automation.library.DriverScript" time="1800.021" errors="0" timestamp="10 Nov 2019 23:26:15 GMT">
  <testcase classname="com.planit.automation.library.DriverScript" name="executescript" time="1800.021">
    <failure message="Method org.testng.internal.TestNGMethod.executescript() didn&#039;t finish within the time-out 1800000" type="org.testng.internal.thread.ThreadTimeoutException">
      <![CDATA[org.testng.internal.thread.ThreadTimeoutException: Method org.testng.internal.TestNGMethod.executescript() didn't finish within the time-out 1800000
	at app//com.planit.automation.processor.TestScript.ReadTestSteps(TestScript.java:117)
	at app//com.planit.automation.processor.TestScript.<init>(Unknown Source)
	at app//com.planit.automation.library.DriverScript.executescript(DriverScript.java:109)
	at java.base@10.0.2/jdk.internal.reflect.NativeMethodAccessorImpl.invoke0(Native Method)
	at java.base@10.0.2/jdk.internal.reflect.NativeMethodAccessorImpl.invoke(Unknown Source)
	at java.base@10.0.2/jdk.internal.reflect.DelegatingMethodAccessorImpl.invoke(Unknown Source)
	at java.base@10.0.2/java.lang.reflect.Method.invoke(Unknown Source)
	at app//org.testng.internal.MethodInvocationHelper.invokeMethod(MethodInvocationHelper.java:84)
	at app//org.testng.internal.InvokeMethodRunnable.runOne(InvokeMethodRunnable.java:46)
	at app//org.testng.internal.InvokeMethodRunnable.run(InvokeMethodRunnable.java:37)
	at java.base@10.0.2/java.util.concurrent.Executors$RunnableAdapter.call(Unknown Source)
	at java.base@10.0.2/java.util.concurrent.FutureTask.run(Unknown Source)
	at java.base@10.0.2/java.util.concurrent.ThreadPoolExecutor.runWorker(Unknown Source)
	at java.base@10.0.2/java.util.concurrent.ThreadPoolExecutor$Worker.run(Unknown Source)
	at java.base@10.0.2/java.lang.Thread.run(Unknown Source)
]]>
    </failure>
  </testcase> <!-- executescript -->
</testsuite> <!-- com.planit.automation.library.DriverScript -->
